# JRE version: OpenJDK Runtime Environment (8.0_152-b01) (build 1.8.0_152-release-915-b01)
# Java VM: OpenJDK 64-Bit Server VM (25.152-b01 mixed mode windows-amd64 compressed oops)
Heap:
 PSYoungGen      total 216064K, used 8032K [0x00000000e0000000, 0x00000000f1800000, 0x0000000100000000)
  eden space 207872K, 0% used [0x00000000e0000000,0x00000000e0000000,0x00000000ecb00000)
  from space 8192K, 98% used [0x00000000ed080000,0x00000000ed858020,0x00000000ed880000)
  to   space 39424K, 0% used [0x00000000ef180000,0x00000000ef180000,0x00000000f1800000)
 ParOldGen       total 216064K, used 182154K [0x00000000a0000000, 0x00000000ad300000, 0x00000000e0000000)
  object space 216064K, 84% used [0x00000000a0000000,0x00000000ab1e2b98,0x00000000ad300000)
 Metaspace       used 87638K, capacity 98304K, committed 98348K, reserved 1134592K
  class space    used 11151K, capacity 13826K, committed 13868K, reserved 1048576K
GC Heap History (10 events):
Event: 14039.034 GC heap after
Heap after GC invocations=68 (full 3):
 PSYoungGen      total 245248K, used 11790K [0x00000000e0000000, 0x00000000f3680000, 0x0000000100000000)
  eden space 232960K, 0% used [0x00000000e0000000,0x00000000e0000000,0x00000000ee380000)
  from space 12288K, 95% used [0x00000000eea80000,0x00000000ef603828,0x00000000ef680000)
  to   space 42496K, 0% used [0x00000000f0d00000,0x00000000f0d00000,0x00000000f3680000)
 ParOldGen       total 216064K, used 180998K [0x00000000a0000000, 0x00000000ad300000, 0x00000000e0000000)
  object space 216064K, 83% used [0x00000000a0000000,0x00000000ab0c19f0,0x00000000ad300000)
 Metaspace       used 87473K, capacity 97932K, committed 98048K, reserved 1134592K
  class space    used 11129K, capacity 13746K, committed 13824K, reserved 1048576K
}
Event: 14039.729 GC heap before
{Heap before GC invocations=69 (full 3):
 PSYoungGen      total 245248K, used 243184K [0x00000000e0000000, 0x00000000f3680000, 0x0000000100000000)
  eden space 232960K, 99% used [0x00000000e0000000,0x00000000ee1f8b60,0x00000000ee380000)
  from space 12288K, 95% used [0x00000000eea80000,0x00000000ef603828,0x00000000ef680000)
  to   space 42496K, 0% used [0x00000000f0d00000,0x00000000f0d00000,0x00000000f3680000)
 ParOldGen       total 216064K, used 180998K [0x00000000a0000000, 0x00000000ad300000, 0x00000000e0000000)
  object space 216064K, 83% used [0x00000000a0000000,0x00000000ab0c19f0,0x00000000ad300000)
 Metaspace       used 87493K, capacity 97996K, committed 98304K, reserved 1134592K
  class space    used 11129K, capacity 13746K, committed 13824K, reserved 1048576K
Event: 14039.737 GC heap after
Heap after GC invocations=69 (full 3):
 PSYoungGen      total 258048K, used 17525K [0x00000000e0000000, 0x00000000f2c00000, 0x0000000100000000)
  eden space 226304K, 0% used [0x00000000e0000000,0x00000000e0000000,0x00000000edd00000)
  from space 31744K, 55% used [0x00000000f0d00000,0x00000000f1e1d620,0x00000000f2c00000)
  to   space 40448K, 0% used [0x00000000edd00000,0x00000000edd00000,0x00000000f0480000)
 ParOldGen       total 216064K, used 181280K [0x00000000a0000000, 0x00000000ad300000, 0x00000000e0000000)
  object space 216064K, 83% used [0x00000000a0000000,0x00000000ab108250,0x00000000ad300000)
 Metaspace       used 87493K, capacity 97996K, committed 98304K, reserved 1134592K
  class space    used 11129K, capacity 13746K, committed 13824K, reserved 1048576K
}
Event: 14146.739 GC heap before
{Heap before GC invocations=70 (full 3):
 PSYoungGen      total 258048K, used 243305K [0x00000000e0000000, 0x00000000f2c00000, 0x0000000100000000)
  eden space 226304K, 99% used [0x00000000e0000000,0x00000000edc7d0e0,0x00000000edd00000)
  from space 31744K, 55% used [0x00000000f0d00000,0x00000000f1e1d620,0x00000000f2c00000)
  to   space 40448K, 0% used [0x00000000edd00000,0x00000000edd00000,0x00000000f0480000)
 ParOldGen       total 216064K, used 181280K [0x00000000a0000000, 0x00000000ad300000, 0x00000000e0000000)
  object space 216064K, 83% used [0x00000000a0000000,0x00000000ab108250,0x00000000ad300000)
 Metaspace       used 87557K, capacity 98116K, committed 98304K, reserved 1134592K
  class space    used 11140K, capacity 13786K, committed 13824K, reserved 1048576K
Event: 14146.749 GC heap after
Heap after GC invocations=70 (full 3):
 PSYoungGen      total 243712K, used 24047K [0x00000000e0000000, 0x00000000f2580000, 0x0000000100000000)
  eden space 219648K, 0% used [0x00000000e0000000,0x00000000e0000000,0x00000000ed680000)
  from space 24064K, 99% used [0x00000000edd00000,0x00000000ef47be70,0x00000000ef480000)
  to   space 40448K, 0% used [0x00000000efe00000,0x00000000efe00000,0x00000000f2580000)
 ParOldGen       total 216064K, used 181590K [0x00000000a0000000, 0x00000000ad300000, 0x00000000e0000000)
  object space 216064K, 84% used [0x00000000a0000000,0x00000000ab155ac0,0x00000000ad300000)
 Metaspace       used 87557K, capacity 98116K, committed 98304K, reserved 1134592K
  class space    used 11140K, capacity 13786K, committed 13824K, reserved 1048576K
}
Event: 14241.872 GC heap before
{Heap before GC invocations=71 (full 3):
 PSYoungGen      total 243712K, used 243695K [0x00000000e0000000, 0x00000000f2580000, 0x0000000100000000)
  eden space 219648K, 100% used [0x00000000e0000000,0x00000000ed680000,0x00000000ed680000)
  from space 24064K, 99% used [0x00000000edd00000,0x00000000ef47be70,0x00000000ef480000)
  to   space 40448K, 0% used [0x00000000efe00000,0x00000000efe00000,0x00000000f2580000)
 ParOldGen       total 216064K, used 181590K [0x00000000a0000000, 0x00000000ad300000, 0x00000000e0000000)
  object space 216064K, 84% used [0x00000000a0000000,0x00000000ab155ac0,0x00000000ad300000)
 Metaspace       used 87629K, capacity 98304K, committed 98348K, reserved 1134592K
  class space    used 11151K, capacity 13826K, committed 13868K, reserved 1048576K
Event: 14241.879 GC heap after
Heap after GC invocations=71 (full 3):
 PSYoungGen      total 245760K, used 11533K [0x00000000e0000000, 0x00000000f1d80000, 0x0000000100000000)
  eden space 213504K, 0% used [0x00000000e0000000,0x00000000e0000000,0x00000000ed080000)
  from space 32256K, 35% used [0x00000000efe00000,0x00000000f09437f8,0x00000000f1d80000)
  to   space 39424K, 0% used [0x00000000ed080000,0x00000000ed080000,0x00000000ef700000)
 ParOldGen       total 216064K, used 181876K [0x00000000a0000000, 0x00000000ad300000, 0x00000000e0000000)
  object space 216064K, 84% used [0x00000000a0000000,0x00000000ab19d328,0x00000000ad300000)
 Metaspace       used 87629K, capacity 98304K, committed 98348K, reserved 1134592K
  class space    used 11151K, capacity 13826K, committed 13868K, reserved 1048576K
}
Event: 14242.153 GC heap before
{Heap before GC invocations=72 (full 3):
 PSYoungGen      total 245760K, used 44640K [0x00000000e0000000, 0x00000000f1d80000, 0x0000000100000000)
  eden space 213504K, 15% used [0x00000000e0000000,0x00000000e2054ac8,0x00000000ed080000)
  from space 32256K, 35% used [0x00000000efe00000,0x00000000f09437f8,0x00000000f1d80000)
  to   space 39424K, 0% used [0x00000000ed080000,0x00000000ed080000,0x00000000ef700000)
 ParOldGen       total 216064K, used 181876K [0x00000000a0000000, 0x00000000ad300000, 0x00000000e0000000)
  object space 216064K, 84% used [0x00000000a0000000,0x00000000ab19d328,0x00000000ad300000)
 Metaspace       used 87638K, capacity 98304K, committed 98348K, reserved 1134592K
  class space    used 11151K, capacity 13826K, committed 13868K, reserved 1048576K
Event: 14242.158 GC heap after
Heap after GC invocations=72 (full 3):
 PSYoungGen      total 216064K, used 8032K [0x00000000e0000000, 0x00000000f1800000, 0x0000000100000000)
  eden space 207872K, 0% used [0x00000000e0000000,0x00000000e0000000,0x00000000ecb00000)
  from space 8192K, 98% used [0x00000000ed080000,0x00000000ed858020,0x00000000ed880000)
  to   space 39424K, 0% used [0x00000000ef180000,0x00000000ef180000,0x00000000f1800000)
 ParOldGen       total 216064K, used 182154K [0x00000000a0000000, 0x00000000ad300000, 0x00000000e0000000)
  object space 216064K, 84% used [0x00000000a0000000,0x00000000ab1e2b98,0x00000000ad300000)
 Metaspace       used 87638K, capacity 98304K, committed 98348K, reserved 1134592K
  class space    used 11151K, capacity 13826K, committed 13868K, reserved 1048576K
}
Event: 14242.158 GC heap before
{Heap before GC invocations=73 (full 4):
 PSYoungGen      total 216064K, used 8032K [0x00000000e0000000, 0x00000000f1800000, 0x0000000100000000)
  eden space 207872K, 0% used [0x00000000e0000000,0x00000000e0000000,0x00000000ecb00000)
  from space 8192K, 98% used [0x00000000ed080000,0x00000000ed858020,0x00000000ed880000)
  to   space 39424K, 0% used [0x00000000ef180000,0x00000000ef180000,0x00000000f1800000)
 ParOldGen       total 216064K, used 182154K [0x00000000a0000000, 0x00000000ad300000, 0x00000000e0000000)
  object space 216064K, 84% used [0x00000000a0000000,0x00000000ab1e2b98,0x00000000ad300000)
 Metaspace       used 87638K, capacity 98304K, committed 98348K, reserved 1134592K
  class space    used 11151K, capacity 13826K, committed 13868K, reserved 1048576K

